<?xml version="1.0" encoding="UTF-8"?>
<!-- Generated by org.testng.reporters.JUnitReportReporter -->
<testsuite hostname="BSD-PC2964440" name="test.HomepageTest" tests="1" failures="0" timestamp="31 May 2016 15:27:30 GMT" time="0.863" errors="0">
  <testcase name="printingAllHeaderLinks" time="0.863" classname="test.HomepageTest"/>
</testsuite> <!-- test.HomepageTest -->
